kotlin version: 2.0.21
error message: org.jetbrains.kotlin.backend.common.BackendException: Backend Internal error: Exception during IR lowering
File being compiled: /Users/tusharnikam/Project/PermissionKit/permissionkit-compose/src/main/java/com/champ96k/permissionkit/compose/rememberPermissionRequester.kt
The root cause java.lang.RuntimeException was thrown at: org.jetbrains.kotlin.backend.jvm.codegen.FunctionCodegen.generate(FunctionCodegen.kt:47)
	at org.jetbrains.kotlin.backend.common.CodegenUtil.reportBackendException(CodegenUtil.kt:253)
	at org.jetbrains.kotlin.backend.common.CodegenUtil.reportBackendException$default(CodegenUtil.kt:236)
	at org.jetbrains.kotlin.backend.common.phaser.PerformByIrFilePhase.invokeSequential(performByIrFile.kt:65)
	at org.jetbrains.kotlin.backend.common.phaser.PerformByIrFilePhase.invoke(performByIrFile.kt:52)
	at org.jetbrains.kotlin.backend.common.phaser.PerformByIrFilePhase.invoke(performByIrFile.kt:38)
	at org.jetbrains.kotlin.backend.common.phaser.NamedCompilerPhase.phaseBody(CompilerPhase.kt:166)
	at org.jetbrains.kotlin.backend.common.phaser.AbstractNamedCompilerPhase.invoke(CompilerPhase.kt:113)
	at org.jetbrains.kotlin.backend.common.phaser.CompositePhase.invoke(PhaseBuilders.kt:27)
	at org.jetbrains.kotlin.backend.common.phaser.CompositePhase.invoke(PhaseBuilders.kt:14)
	at org.jetbrains.kotlin.backend.common.phaser.NamedCompilerPhase.phaseBody(CompilerPhase.kt:166)
	at org.jetbrains.kotlin.backend.common.phaser.AbstractNamedCompilerPhase.invoke(CompilerPhase.kt:113)
	at org.jetbrains.kotlin.backend.common.phaser.CompilerPhaseKt.invokeToplevel(CompilerPhase.kt:62)
	at org.jetbrains.kotlin.backend.jvm.JvmIrCodegenFactory.invokeCodegen(JvmIrCodegenFactory.kt:371)
	at org.jetbrains.kotlin.codegen.CodegenFactory.generateModule(CodegenFactory.kt:47)
	at org.jetbrains.kotlin.backend.jvm.JvmIrCodegenFactory.generateModuleInFrontendIRMode(JvmIrCodegenFactory.kt:433)
	at org.jetbrains.kotlin.cli.jvm.compiler.pipeline.JvmCompilerPipelineKt.generateCodeFromIr(jvmCompilerPipeline.kt:246)
	at org.jetbrains.kotlin.cli.jvm.compiler.pipeline.JvmCompilerPipelineKt.compileModulesUsingFrontendIrAndLightTree(jvmCompilerPipeline.kt:142)
	at org.jetbrains.kotlin.cli.jvm.K2JVMCompiler.doExecute(K2JVMCompiler.kt:148)
	at org.jetbrains.kotlin.cli.jvm.K2JVMCompiler.doExecute(K2JVMCompiler.kt:43)
	at org.jetbrains.kotlin.cli.common.CLICompiler.execImpl(CLICompiler.kt:103)
	at org.jetbrains.kotlin.cli.common.CLICompiler.execImpl(CLICompiler.kt:49)
	at org.jetbrains.kotlin.cli.common.CLITool.exec(CLITool.kt:101)
	at org.jetbrains.kotlin.incremental.IncrementalJvmCompilerRunner.runCompiler(IncrementalJvmCompilerRunner.kt:464)
	at org.jetbrains.kotlin.incremental.IncrementalJvmCompilerRunner.runCompiler(IncrementalJvmCompilerRunner.kt:73)
	at org.jetbrains.kotlin.incremental.IncrementalCompilerRunner.doCompile(IncrementalCompilerRunner.kt:506)
	at org.jetbrains.kotlin.incremental.IncrementalCompilerRunner.compileImpl(IncrementalCompilerRunner.kt:423)
	at org.jetbrains.kotlin.incremental.IncrementalCompilerRunner.compileNonIncrementally(IncrementalCompilerRunner.kt:301)
	at org.jetbrains.kotlin.incremental.IncrementalCompilerRunner.compile(IncrementalCompilerRunner.kt:129)
	at org.jetbrains.kotlin.daemon.CompileServiceImplBase.execIncrementalCompiler(CompileServiceImpl.kt:675)
	at org.jetbrains.kotlin.daemon.CompileServiceImplBase.access$execIncrementalCompiler(CompileServiceImpl.kt:92)
	at org.jetbrains.kotlin.daemon.CompileServiceImpl.compile(CompileServiceImpl.kt:1660)
	at java.base/jdk.internal.reflect.DirectMethodHandleAccessor.invoke(Unknown Source)
	at java.base/java.lang.reflect.Method.invoke(Unknown Source)
	at java.rmi/sun.rmi.server.UnicastServerRef.dispatch(Unknown Source)
	at java.rmi/sun.rmi.transport.Transport$1.run(Unknown Source)
	at java.rmi/sun.rmi.transport.Transport$1.run(Unknown Source)
	at java.base/java.security.AccessController.doPrivileged(Unknown Source)
	at java.rmi/sun.rmi.transport.Transport.serviceCall(Unknown Source)
	at java.rmi/sun.rmi.transport.tcp.TCPTransport.handleMessages(Unknown Source)
	at java.rmi/sun.rmi.transport.tcp.TCPTransport$ConnectionHandler.run0(Unknown Source)
	at java.rmi/sun.rmi.transport.tcp.TCPTransport$ConnectionHandler.lambda$run$0(Unknown Source)
	at java.base/java.security.AccessController.doPrivileged(Unknown Source)
	at java.rmi/sun.rmi.transport.tcp.TCPTransport$ConnectionHandler.run(Unknown Source)
	at java.base/java.util.concurrent.ThreadPoolExecutor.runWorker(Unknown Source)
	at java.base/java.util.concurrent.ThreadPoolExecutor$Worker.run(Unknown Source)
	at java.base/java.lang.Thread.run(Unknown Source)
Caused by: java.lang.RuntimeException: Exception while generating code for:
FUN name:rememberPermissionRequester visibility:public modality:FINAL <> (permissions:kotlin.Array<kotlin.String>, onRationale:kotlin.Function2<kotlin.collections.List<kotlin.String>, @[ParameterName(name = "proceed")] kotlin.Function0<kotlin.Unit>, kotlin.Unit>?, onDenied:kotlin.Function1<com.champ96k.permissionkit.core.PermissionResult, kotlin.Unit>?, onResult:kotlin.Function1<com.champ96k.permissionkit.core.PermissionResult, kotlin.Unit>) returnType:kotlin.Function0<kotlin.Unit>
  annotations:
    Composable
  VALUE_PARAMETER name:permissions index:0 type:kotlin.Array<kotlin.String>
  VALUE_PARAMETER name:onRationale index:1 type:kotlin.Function2<kotlin.collections.List<kotlin.String>, @[ParameterName(name = "proceed")] kotlin.Function0<kotlin.Unit>, kotlin.Unit>?
    EXPRESSION_BODY
      ERROR_EXPR 'Default Stub' type=kotlin.Function2<kotlin.collections.List<kotlin.String>, @[ParameterName(name = "proceed")] kotlin.Function0<kotlin.Unit>, kotlin.Unit>?
  VALUE_PARAMETER name:onDenied index:2 type:kotlin.Function1<com.champ96k.permissionkit.core.PermissionResult, kotlin.Unit>?
    EXPRESSION_BODY
      ERROR_EXPR 'Default Stub' type=kotlin.Function1<com.champ96k.permissionkit.core.PermissionResult, kotlin.Unit>?
  VALUE_PARAMETER name:onResult index:3 type:kotlin.Function1<com.champ96k.permissionkit.core.PermissionResult, kotlin.Unit>
  BLOCK_BODY
    VAR name:context type:android.content.Context [val]
      CALL 'public final fun <get-current> (): T of androidx.compose.runtime.CompositionLocal [inline] declared in androidx.compose.runtime.CompositionLocal' type=android.content.Context origin=GET_PROPERTY
        $this: TYPE_OP type=androidx.compose.runtime.CompositionLocal<T of androidx.compose.runtime.CompositionLocal> origin=IMPLICIT_CAST typeOperand=androidx.compose.runtime.CompositionLocal<T of androidx.compose.runtime.CompositionLocal>
          CALL 'public final fun <get-LocalContext> (): androidx.compose.runtime.ProvidableCompositionLocal<android.content.Context> declared in androidx.compose.ui.platform.AndroidCompositionLocals_androidKt' type=androidx.compose.runtime.ProvidableCompositionLocal<android.content.Context> origin=GET_PROPERTY
    VAR name:activity type:androidx.activity.ComponentActivity [val]
      BLOCK type=androidx.activity.ComponentActivity origin=null
        CALL 'public final fun checkNotNull (object: kotlin.Any?, message: kotlin.String): kotlin.Unit declared in kotlin.jvm.internal.Intrinsics' type=kotlin.Unit origin=null
          object: GET_VAR 'val context: android.content.Context [val] declared in com.champ96k.permissionkit.compose.RememberPermissionRequesterKt.rememberPermissionRequester' type=android.content.Context origin=null
          message: CONST String type=kotlin.String value="null cannot be cast to non-null type androidx.activity.ComponentActivity"
        TYPE_OP type=androidx.activity.ComponentActivity? origin=CAST typeOperand=androidx.activity.ComponentActivity?
          GET_VAR 'val context: android.content.Context [val] declared in com.champ96k.permissionkit.compose.RememberPermissionRequesterKt.rememberPermissionRequester' type=android.content.Context origin=null
    VAR name:controller type:com.champ96k.permissionkit.core.PermissionController [val]
      CALL 'public final fun remember <T> (calculation: @[DisallowComposableCalls] kotlin.Function0<T of androidx.compose.runtime.ComposablesKt.remember>): T of androidx.compose.runtime.ComposablesKt.remember [inline] declared in androidx.compose.runtime.ComposablesKt' type=com.champ96k.permissionkit.core.PermissionController origin=null
        <T>: com.champ96k.permissionkit.core.PermissionController
        calculation: BLOCK type=kotlin.Function0<com.champ96k.permissionkit.core.PermissionController> origin=LAMBDA
          COMPOSITE type=kotlin.Unit origin=null
          FUNCTION_REFERENCE 'private final fun rememberPermissionRequester$lambda$0 (): com.champ96k.permissionkit.core.PermissionController declared in com.champ96k.permissionkit.compose.RememberPermissionRequesterKt' type=kotlin.Function0<com.champ96k.permissionkit.core.PermissionController> origin=INLINE_LAMBDA reflectionTarget=null
    VAR PROPERTY_DELEGATE name:triggerRequest$delegate type:androidx.compose.runtime.MutableState<kotlin.Boolean> [val]
      CALL 'public final fun remember <T> (calculation: @[DisallowComposableCalls] kotlin.Function0<T of androidx.compose.runtime.ComposablesKt.remember>): T of androidx.compose.runtime.ComposablesKt.remember [inline] declared in androidx.compose.runtime.ComposablesKt' type=androidx.compose.runtime.MutableState<kotlin.Boolean> origin=null
        <T>: androidx.compose.runtime.MutableState<kotlin.Boolean>
        calculation: BLOCK type=kotlin.Function0<androidx.compose.runtime.MutableState<kotlin.Boolean>> origin=LAMBDA
          COMPOSITE type=kotlin.Unit origin=null
          FUNCTION_REFERENCE 'private final fun rememberPermissionRequester$lambda$1 (): androidx.compose.runtime.MutableState<kotlin.Boolean> declared in com.champ96k.permissionkit.compose.RememberPermissionRequesterKt' type=kotlin.Function0<androidx.compose.runtime.MutableState<kotlin.Boolean>> origin=INLINE_LAMBDA reflectionTarget=null
    VAR name:launcher type:androidx.activity.compose.ManagedActivityResultLauncher<kotlin.Array<kotlin.String>, kotlin.collections.Map<kotlin.String, @[JvmSuppressWildcards(suppress = <null>)] kotlin.Boolean>> [val]
      CALL 'public final fun rememberLauncherForActivityResult <I, O> (contract: androidx.activity.result.contract.ActivityResultContract<I of androidx.activity.compose.ActivityResultRegistryKt.rememberLauncherForActivityResult, O of androidx.activity.compose.ActivityResultRegistryKt.rememberLauncherForActivityResult>, onResult: kotlin.Function1<O of androidx.activity.compose.ActivityResultRegistryKt.rememberLauncherForActivityResult, kotlin.Unit>): androidx.activity.compose.ManagedActivityResultLauncher<I of androidx.activity.compose.ActivityResultRegistryKt.rememberLauncherForActivityResult, O of androidx.activity.compose.ActivityResultRegistryKt.rememberLauncherForActivityResult> declared in androidx.activity.compose.ActivityResultRegistryKt' type=androidx.activity.compose.ManagedActivityResultLauncher<kotlin.Array<kotlin.String>, kotlin.collections.Map<kotlin.String, @[JvmSuppressWildcards(suppress = <null>)] kotlin.Boolean>> origin=null
        <I>: kotlin.Array<kotlin.String>
        <O>: kotlin.collections.Map<kotlin.String, @[JvmSuppressWildcards(suppress = <null>)] kotlin.Boolean>
        contract: CONSTRUCTOR_CALL 'public constructor <init> () [primary] declared in androidx.activity.result.contract.ActivityResultContracts.RequestMultiplePermissions' type=androidx.activity.result.contract.ActivityResultContracts.RequestMultiplePermissions origin=null
        onResult: BLOCK type=kotlin.Function1<kotlin.collections.Map<kotlin.String, @[JvmSuppressWildcards(suppress = <null>)] kotlin.Boolean>, kotlin.Unit> origin=LAMBDA
          COMPOSITE type=kotlin.Unit origin=null
          CALL 'public final fun <jvm-indy> <T> (dynamicCall: T of kotlin.jvm.internal.<jvm-indy>, bootstrapMethodHandle: kotlin.Any, vararg bootstrapMethodArguments: kotlin.Any): T of kotlin.jvm.internal.<jvm-indy> declared in kotlin.jvm.internal' type=kotlin.Function1<kotlin.collections.Map<kotlin.String, @[JvmSuppressWildcards(suppress = <null>)] kotlin.Boolean>, kotlin.Unit> origin=null
            <T>: kotlin.Function1<kotlin.collections.Map<kotlin.String, @[JvmSuppressWildcards(suppress = <null>)] kotlin.Boolean>, kotlin.Unit>
            dynamicCall: CALL 'public final fun invoke (p0: com.champ96k.permissionkit.core.PermissionController, p1: kotlin.Array<kotlin.String>, p2: kotlin.Function2<kotlin.collections.List<kotlin.String>, @[ParameterName(name = "proceed")] kotlin.Function0<kotlin.Unit>, kotlin.Unit>?, p3: kotlin.Function1<com.champ96k.permissionkit.core.PermissionResult, kotlin.Unit>?, p4: kotlin.Function1<com.champ96k.permissionkit.core.PermissionResult, kotlin.Unit>, p5: androidx.activity.ComponentActivity, p6: androidx.compose.runtime.MutableState<kotlin.Boolean>): kotlin.Function1<kotlin.collections.Map<kotlin.String, @[JvmSuppressWildcards(suppress = <null>)] kotlin.Boolean>, kotlin.Unit> declared in kotlin.jvm.internal.invokeDynamic' type=kotlin.Function1<kotlin.collections.Map<kotlin.String, @[JvmSuppressWildcards(suppress = <null>)] kotlin.Boolean>, kotlin.Unit> origin=null
              p0: GET_VAR 'val controller: com.champ96k.permissionkit.core.PermissionController [val] declared in com.champ96k.permissionkit.compose.RememberPermissionRequesterKt.rememberPermissionRequester' type=com.champ96k.permissionkit.core.PermissionController origin=null
              p1: GET_VAR 'permissions: kotlin.Array<kotlin.String> declared in com.champ96k.permissionkit.compose.RememberPermissionRequesterKt.rememberPermissionRequester' type=kotlin.Array<kotlin.String> origin=null
              p2: GET_VAR 'onRationale: kotlin.Function2<kotlin.collections.List<kotlin.String>, @[ParameterName(name = "proceed")] kotlin.Function0<kotlin.Unit>, kotlin.Unit>? declared in com.champ96k.permissionkit.compose.RememberPermissionRequesterKt.rememberPermissionRequester' type=kotlin.Function2<kotlin.collections.List<kotlin.String>, @[ParameterName(name = "proceed")] kotlin.Function0<kotlin.Unit>, kotlin.Unit>? origin=null
              p3: GET_VAR 'onDenied: kotlin.Function1<com.champ96k.permissionkit.core.PermissionResult, kotlin.Unit>? declared in com.champ96k.permissionkit.compose.RememberPermissionRequesterKt.rememberPermissionRequester' type=kotlin.Function1<com.champ96k.permissionkit.core.PermissionResult, kotlin.Unit>? origin=null
              p4: GET_VAR 'onResult: kotlin.Function1<com.champ96k.permissionkit.core.PermissionResult, kotlin.Unit> declared in com.champ96k.permissionkit.compose.RememberPermissionRequesterKt.rememberPermissionRequester' type=kotlin.Function1<com.champ96k.permissionkit.core.PermissionResult, kotlin.Unit> origin=null
              p5: GET_VAR 'val activity: androidx.activity.ComponentActivity [val] declared in com.champ96k.permissionkit.compose.RememberPermissionRequesterKt.rememberPermissionRequester' type=androidx.activity.ComponentActivity origin=null
              p6: GET_VAR 'val triggerRequest$delegate: androidx.compose.runtime.MutableState<kotlin.Boolean> [val] declared in com.champ96k.permissionkit.compose.RememberPermissionRequesterKt.rememberPermissionRequester' type=androidx.compose.runtime.MutableState<kotlin.Boolean> origin=null
            bootstrapMethodHandle: CALL 'public final fun <jvm-method-handle> (tag: kotlin.Int, owner: kotlin.String, name: kotlin.String, descriptor: kotlin.String, isInterface: kotlin.Boolean): kotlin.Any declared in kotlin.jvm.internal' type=kotlin.Any origin=null
              tag: CONST Int type=kotlin.Int value=6
              owner: CONST String type=kotlin.String value="java/lang/invoke/LambdaMetafactory"
              name: CONST String type=kotlin.String value="metafactory"
              descriptor: CONST String type=kotlin.String value="(Ljava/lang/invoke/MethodHandles$Lookup;Ljava/lang/String;Ljava/lang/invoke/MethodType;Ljava/lang/invoke/MethodType;Ljava/lang/invoke/MethodHandle;Ljava/lang/invoke/MethodType;)Ljava/lang/invoke/CallSite;"
              isInterface: CONST Boolean type=kotlin.Boolean value=false
            bootstrapMethodArguments: VARARG type=kotlin.Array<kotlin.Any> varargElementType=kotlin.Any
              CALL 'public final fun <jvm-original-method-type> (method: kotlin.Any): kotlin.Any declared in kotlin.jvm.internal' type=kotlin.Any origin=null
                method: RAW_FUNCTION_REFERENCE 'public abstract fun invoke (p1: P1 of kotlin.Function1): R of kotlin.Function1 [operator] declared in kotlin.Function1' type=kotlin.Any
              RAW_FUNCTION_REFERENCE 'private final fun rememberPermissionRequester$lambda$6 ($controller: com.champ96k.permissionkit.core.PermissionController, $permissions: kotlin.Array<kotlin.String>, $onRationale: kotlin.Function2<kotlin.collections.List<kotlin.String>, @[ParameterName(name = "proceed")] kotlin.Function0<kotlin.Unit>, kotlin.Unit>?, $onDenied: kotlin.Function1<com.champ96k.permissionkit.core.PermissionResult, kotlin.Unit>?, $onResult: kotlin.Function1<com.champ96k.permissionkit.core.PermissionResult, kotlin.Unit>, $activity: androidx.activity.ComponentActivity, $triggerRequest$delegate: androidx.compose.runtime.MutableState<kotlin.Boolean>, result: kotlin.collections.Map<kotlin.String, @[JvmSuppressWildcards(suppress = <null>)] kotlin.Boolean>): kotlin.Unit? declared in com.champ96k.permissionkit.compose.RememberPermissionRequesterKt' type=kotlin.Any
              CALL 'public final fun <jvm-original-method-type> (method: kotlin.Any): kotlin.Any declared in kotlin.jvm.internal' type=kotlin.Any origin=null
                method: RAW_FUNCTION_REFERENCE 'public abstract fun invoke (p1: kotlin.collections.Map<kotlin.String, @[JvmSuppressWildcards(suppress = <null>)] kotlin.Boolean>): kotlin.Unit? [fake_override,operator] declared in kotlin.jvm.internal.invokeDynamic.<fake>' type=kotlin.Any
    CALL 'public final fun LaunchedEffect (key1: kotlin.Any?, block: @[ExtensionFunctionType] kotlin.coroutines.SuspendFunction1<kotlinx.coroutines.CoroutineScope, kotlin.Unit>): kotlin.Unit declared in androidx.compose.runtime.EffectsKt' type=kotlin.Unit origin=null
      key1: CALL 'private final fun rememberPermissionRequester$lambda$2 ($triggerRequest$delegate: androidx.compose.runtime.MutableState<kotlin.Boolean>): kotlin.Boolean declared in com.champ96k.permissionkit.compose.RememberPermissionRequesterKt' type=kotlin.Boolean origin=GET_LOCAL_PROPERTY
        $triggerRequest$delegate: GET_VAR 'val triggerRequest$delegate: androidx.compose.runtime.MutableState<kotlin.Boolean> [val] declared in com.champ96k.permissionkit.compose.RememberPermissionRequesterKt.rememberPermissionRequester' type=androidx.compose.runtime.MutableState<kotlin.Boolean> origin=null
      block: BLOCK type=com.champ96k.permissionkit.compose.RememberPermissionRequesterKt.rememberPermissionRequester.<no name provided> origin=null
        CLASS SUSPEND_LAMBDA CLASS name:<no name provided> modality:FINAL visibility:public/*package*/ superTypes:[kotlin.coroutines.jvm.internal.SuspendLambda; kotlin.jvm.functions.Function2<kotlinx.coroutines.CoroutineScope, kotlin.coroutines.Continuation<kotlin.Unit>?, kotlin.Any?>]
          $this: VALUE_PARAMETER INSTANCE_RECEIVER name:<this> type:com.champ96k.permissionkit.compose.RememberPermissionRequesterKt.rememberPermissionRequester.<no name provided>
          FIELD name:label type:kotlin.Int visibility:public/*package*/
          CONSTRUCTOR SUSPEND_LAMBDA visibility:public/*package*/ <> ($launcher:androidx.activity.compose.ManagedActivityResultLauncher<kotlin.Array<kotlin.String>, kotlin.collections.Map<kotlin.String, @[JvmSuppressWildcards(suppress = <null>)] kotlin.Boolean>>, $permissions:kotlin.Array<kotlin.String>, $triggerRequest$delegate:androidx.compose.runtime.MutableState<kotlin.Boolean>, $completion:kotlin.coroutines.Continuation<com.champ96k.permissionkit.compose.RememberPermissionRequesterKt.rememberPermissionRequester.<no name provided>>?) returnType:com.champ96k.permissionkit.compose.RememberPermissionRequesterKt.rememberPermissionRequester.<no name provided> [primary]
            VALUE_PARAMETER BOUND_VALUE_PARAMETER name:$launcher index:0 type:androidx.activity.compose.ManagedActivityResultLauncher<kotlin.Array<kotlin.String>, kotlin.collections.Map<kotlin.String, @[JvmSuppressWildcards(suppress = <null>)] kotlin.Boolean>>
            VALUE_PARAMETER BOUND_VALUE_PARAMETER name:$permissions index:1 type:kotlin.Array<kotlin.String>
            VALUE_PARAMETER BOUND_VALUE_PARAMETER name:$triggerRequest$delegate index:2 type:androidx.compose.runtime.MutableState<kotlin.Boolean>
            VALUE_PARAMETER name:$completion index:3 type:kotlin.coroutines.Continuation<com.champ96k.permissionkit.compose.RememberPermissionRequesterKt.rememberPermissionRequester.<no name provided>>?
            BLOCK_BODY
              SET_FIELD 'FIELD FIELD_FOR_CAPTURED_VALUE name:$launcher type:androidx.activity.compose.ManagedActivityResultLauncher<kotlin.Array<kotlin.String>, kotlin.collections.Map<kotlin.String, @[JvmSuppressWildcards(suppress = <null>)] kotlin.Boolean>> visibility:public/*package*/ [final] declared in com.champ96k.permissionkit.compose.RememberPermissionRequesterKt.rememberPermissionRequester.<no name provided>' type=kotlin.Unit origin=INITIALIZER_OF_FIELD_FOR_CAPTURED_VALUE
                receiver: GET_VAR '<this>: com.champ96k.permissionkit.compose.RememberPermissionRequesterKt.rememberPermissionRequester.<no name provided> declared in com.champ96k.permissionkit.compose.RememberPermissionRequesterKt.rememberPermissionRequester.<no name provided>' type=com.champ96k.permissionkit.compose.RememberPermissionRequesterKt.rememberPermissionRequester.<no name provided> origin=null
                value: GET_VAR '$launcher: androidx.activity.compose.ManagedActivityResultLauncher<kotlin.Array<kotlin.String>, kotlin.collections.Map<kotlin.String, @[JvmSuppressWildcards(suppress = <null>)] kotlin.Boolean>> declared in com.champ96k.permissionkit.compose.RememberPermissionRequesterKt.rememberPermissionRequester.<no name provided>.<init>' type=androidx.activity.compose.ManagedActivityResultLauncher<kotlin.Array<kotlin.String>, kotlin.collections.Map<kotlin.String, @[JvmSuppressWildcards(suppress = <null>)] kotlin.Boolean>> origin=null
              SET_FIELD 'FIELD FIELD_FOR_CAPTURED_VALUE name:$permissions type:kotlin.Array<kotlin.String> visibility:public/*package*/ [final] declared in com.champ96k.permissionkit.compose.RememberPermissionRequesterKt.rememberPermissionRequester.<no name provided>' type=kotlin.Unit origin=INITIALIZER_OF_FIELD_FOR_CAPTURED_VALUE
                receiver: GET_VAR '<this>: com.champ96k.permissionkit.compose.RememberPermissionRequesterKt.rememberPermissionRequester.<no name provided> declared in com.champ96k.permissionkit.compose.RememberPermissionRequesterKt.rememberPermissionRequester.<no name provided>' type=com.champ96k.permissionkit.compose.RememberPermissionRequesterKt.rememberPermissionRequester.<no name provided> origin=null
                value: GET_VAR '$permissions: kotlin.Array<kotlin.String> declared in com.champ96k.permissionkit.compose.RememberPermissionRequesterKt.rememberPermissionRequester.<no name provided>.<init>' type=kotlin.Array<kotlin.String> origin=null
              SET_FIELD 'FIELD FIELD_FOR_CAPTURED_VALUE name:$triggerRequest$delegate type:androidx.compose.runtime.MutableState<kotlin.Boolean> visibility:public/*package*/ [final] declared in com.champ96k.permissionkit.compose.RememberPermissionRequesterKt.rememberPermissionRequester.<no name provided>' type=kotlin.Unit origin=INITIALIZER_OF_FIELD_FOR_CAPTURED_VALUE
                receiver: GET_VAR '<this>: com.champ96k.permissionkit.compose.RememberPermissionRequesterKt.rememberPermissionRequester.<no name provided> declared in com.champ96k.permissionkit.compose.RememberPermissionRequesterKt.rememberPermissionRequester.<no name provided>' type=com.champ96k.permissionkit.compose.RememberPermissionRequesterKt.rememberPermissionRequester.<no name provided> origin=null
                value: GET_VAR '$triggerRequest$delegate: androidx.compose.runtime.MutableState<kotlin.Boolean> declared in com.champ96k.permissionkit.compose.RememberPermissionRequesterKt.rememberPermissionRequester.<no name provided>.<init>' type=androidx.compose.runtime.MutableState<kotlin.Boolean> origin=null
              DELEGATING_CONSTRUCTOR_CALL 'public constructor <init> (arity: kotlin.Int, $completion: kotlin.coroutines.Continuation<kotlin.Any?>?) declared in kotlin.coroutines.jvm.internal.SuspendLambda'
                arity: CONST Int type=kotlin.Int value=2
                $completion: GET_VAR '$completion: kotlin.coroutines.Continuation<com.champ96k.permissionkit.compose.RememberPermissionRequesterKt.rememberPermissionRequester.<no name provided>>? declared in com.champ96k.permissionkit.compose.RememberPermissionRequesterKt.rememberPermissionRequester.<no name provided>.<init>' type=kotlin.coroutines.Continuation<com.champ96k.permissionkit.compose.RememberPermissionRequesterKt.rememberPermissionRequester.<no name provided>>? origin=null
              BLOCK type=kotlin.Unit origin=null
          FUN name:invokeSuspend visibility:public modality:FINAL <> ($this:com.champ96k.permissionkit.compose.RememberPermissionRequesterKt.rememberPermissionRequester.<no name provided>, $result:kotlin.Result<kotlin.Any?>) returnType:kotlin.Any?
            overridden:
              protected abstract fun invokeSuspend ($result: kotlin.Result<kotlin.Any?>): kotlin.Any? declared in kotlin.coroutines.jvm.internal.SuspendLambda
            $this: VALUE_PARAMETER INSTANCE_RECEIVER name:<this> type:com.champ96k.permissionkit.compose.RememberPermissionRequesterKt.rememberPermissionRequester.<no name provided>
            VALUE_PARAMETER name:$result index:0 type:kotlin.Result<kotlin.Any?>
            BLOCK_BODY
              WHEN type=kotlin.Unit origin=IF
                BRANCH
                  if: CALL 'public final fun access$rememberPermissionRequester$lambda$2 ($triggerRequest$delegate: androidx.compose.runtime.MutableState<kotlin.Boolean>): kotlin.Boolean declared in com.champ96k.permissionkit.compose.RememberPermissionRequesterKt' type=kotlin.Boolean origin=GET_LOCAL_PROPERTY
                    $triggerRequest$delegate: GET_FIELD 'FIELD FIELD_FOR_CAPTURED_VALUE name:$triggerRequest$delegate type:androidx.compose.runtime.MutableState<kotlin.Boolean> visibility:public/*package*/ [final] declared in com.champ96k.permissionkit.compose.RememberPermissionRequesterKt.rememberPermissionRequester.<no name provided>' type=androidx.compose.runtime.MutableState<kotlin.Boolean> origin=null
                      receiver: GET_VAR '<this>: com.champ96k.permissionkit.compose.RememberPermissionRequesterKt.rememberPermissionRequester.<no name provided> declared in com.champ96k.permissionkit.compose.RememberPermissionRequesterKt.rememberPermissionRequester.<no name provided>.invokeSuspend' type=com.champ96k.permissionkit.compose.RememberPermissionRequesterKt.rememberPermissionRequester.<no name provided> origin=null
                  then: BLOCK type=kotlin.Unit origin=null
                    CALL 'public open fun launch (input: I of androidx.activity.compose.ManagedActivityResultLauncher): kotlin.Unit [fake_override] declared in androidx.activity.compose.ManagedActivityResultLauncher' type=kotlin.Unit origin=null
                      $this: GET_FIELD 'FIELD FIELD_FOR_CAPTURED_VALUE name:$launcher type:androidx.activity.compose.ManagedActivityResultLauncher<kotlin.Array<kotlin.String>, kotlin.collections.Map<kotlin.String, @[JvmSuppressWildcards(suppress = <null>)] kotlin.Boolean>> visibility:public/*package*/ [final] declared in com.champ96k.permissionkit.compose.RememberPermissionRequesterKt.rememberPermissionRequester.<no name provided>' type=androidx.activity.compose.ManagedActivityResultLauncher<kotlin.Array<kotlin.String>, kotlin.collections.Map<kotlin.String, @[JvmSuppressWildcards(suppress = <null>)] kotlin.Boolean>> origin=null
                        receiver: GET_VAR '<this>: com.champ96k.permissionkit.compose.RememberPermissionRequesterKt.rememberPermissionRequester.<no name provided> declared in com.champ96k.permissionkit.compose.RememberPermissionRequesterKt.rememberPermissionRequester.<no name provided>.invokeSuspend' type=com.champ96k.permissionkit.compose.RememberPermissionRequesterKt.rememberPermissionRequester.<no name provided> origin=null
                      input: GET_FIELD 'FIELD FIELD_FOR_CAPTURED_VALUE name:$permissions type:kotlin.Array<kotlin.String> visibility:public/*package*/ [final] declared in com.champ96k.permissionkit.compose.RememberPermissionRequesterKt.rememberPermissionRequester.<no name provided>' type=kotlin.Array<kotlin.String> origin=null
                        receiver: GET_VAR '<this>: com.champ96k.permissionkit.compose.RememberPermissionRequesterKt.rememberPermissionRequester.<no name provided> declared in com.champ96k.permissionkit.compose.RememberPermissionRequesterKt.rememberPermissionRequester.<no name provided>.invokeSuspend' type=com.champ96k.permissionkit.compose.RememberPermissionRequesterKt.rememberPermissionRequester.<no name provided> origin=null
                    CALL 'public final fun access$rememberPermissionRequester$lambda$3 ($triggerRequest$delegate: androidx.compose.runtime.MutableState<kotlin.Boolean>, <set-?>: kotlin.Boolean): kotlin.Unit declared in com.champ96k.permissionkit.compose.RememberPermissionRequesterKt' type=kotlin.Unit origin=EQ
                      $triggerRequest$delegate: GET_FIELD 'FIELD FIELD_FOR_CAPTURED_VALUE name:$triggerRequest$delegate type:androidx.compose.runtime.MutableState<kotlin.Boolean> visibility:public/*package*/ [final] declared in com.champ96k.permissionkit.compose.RememberPermissionRequesterKt.rememberPermissionRequester.<no name provided>' type=androidx.compose.runtime.MutableState<kotlin.Boolean> origin=null
                        receiver: GET_VAR '<this>: com.champ96k.permissionkit.compose.RememberPermissionRequesterKt.rememberPermissionRequester.<no name provided> declared in com.champ96k.permissionkit.compose.RememberPermissionRequesterKt.rememberPermissionRequester.<no name provided>.invokeSuspend' type=com.champ96k.permissionkit.compose.RememberPermissionRequesterKt.rememberPermissionRequester.<no name provided> origin=null
                      <set-?>: CONST Boolean type=kotlin.Boolean value=false
          FUN name:create visibility:public modality:FINAL <> ($this:com.champ96k.permissionkit.compose.RememberPermissionRequesterKt.rememberPermissionRequester.<no name provided>, value:kotlin.Any?, $completion:kotlin.coroutines.Continuation<kotlin.Nothing>) returnType:kotlin.coroutines.Continuation<kotlin.Unit>
            overridden:
              public open fun create (value: kotlin.Any?, $completion: kotlin.coroutines.Continuation<kotlin.Nothing>): kotlin.coroutines.Continuation<kotlin.Unit> declared in kotlin.coroutines.jvm.internal.SuspendLambda
            $this: VALUE_PARAMETER INSTANCE_RECEIVER name:<this> type:com.champ96k.permissionkit.compose.RememberPermissionRequesterKt.rememberPermissionRequester.<no name provided>
            VALUE_PARAMETER name:value index:0 type:kotlin.Any?
            VALUE_PARAMETER name:$completion index:1 type:kotlin.coroutines.Continuation<kotlin.Nothing>
            BLOCK_BODY
              RETURN type=kotlin.Nothing from='public final fun create (value: kotlin.Any?, $completion: kotlin.coroutines.Continuation<kotlin.Nothing>): kotlin.coroutines.Continuation<kotlin.Unit> declared in com.champ96k.permissionkit.compose.RememberPermissionRequesterKt.rememberPermissionRequester.<no name provided>'
                CONSTRUCTOR_CALL 'public/*package*/ constructor <init> ($launcher: androidx.activity.compose.ManagedActivityResultLauncher<kotlin.Array<kotlin.String>, kotlin.collections.Map<kotlin.String, @[JvmSuppressWildcards(suppress = <null>)] kotlin.Boolean>>, $permissions: kotlin.Array<kotlin.String>, $triggerRequest$delegate: androidx.compose.runtime.MutableState<kotlin.Boolean>, $completion: kotlin.coroutines.Continuation<com.champ96k.permissionkit.compose.RememberPermissionRequesterKt.rememberPermissionRequester.<no name provided>>?) [primary] declared in com.champ96k.permissionkit.compose.RememberPermissionRequesterKt.rememberPermissionRequester.<no name provided>' type=com.champ96k.permissionkit.compose.RememberPermissionRequesterKt.rememberPermissionRequester.<no name provided> origin=null
                  $launcher: GET_FIELD 'FIELD FIELD_FOR_CAPTURED_VALUE name:$launcher type:androidx.activity.compose.ManagedActivityResultLauncher<kotlin.Array<kotlin.String>, kotlin.collections.Map<kotlin.String, @[JvmSuppressWildcards(suppress = <null>)] kotlin.Boolean>> visibility:public/*package*/ [final] declared in com.champ96k.permissionkit.compose.RememberPermissionRequesterKt.rememberPermissionRequester.<no name provided>' type=androidx.activity.compose.ManagedActivityResultLauncher<kotlin.Array<kotlin.String>, kotlin.collections.Map<kotlin.String, @[JvmSuppressWildcards(suppress = <null>)] kotlin.Boolean>> origin=null
                    receiver: GET_VAR '<this>: com.champ96k.permissionkit.compose.RememberPermissionRequesterKt.rememberPermissionRequester.<no name provided> declared in com.champ96k.permissionkit.compose.RememberPermissionRequesterKt.rememberPermissionRequester.<no name provided>.create' type=com.champ96k.permissionkit.compose.RememberPermissionRequesterKt.rememberPermissionRequester.<no name provided> origin=null
                  $permissions: GET_FIELD 'FIELD FIELD_FOR_CAPTURED_VALUE name:$permissions type:kotlin.Array<kotlin.String> visibility:public/*package*/ [final] declared in com.champ96k.permissionkit.compose.RememberPermissionRequesterKt.rememberPermissionRequester.<no name provided>' type=kotlin.Array<kotlin.String> origin=null
                    receiver: GET_VAR '<this>: com.champ96k.permissionkit.compose.RememberPermissionRequesterKt.rememberPermissionRequester.<no name provided> declared in com.champ96k.permissionkit.compose.RememberPermissionRequesterKt.rememberPermissionRequester.<no name provided>.create' type=com.champ96k.permissionkit.compose.RememberPermissionRequesterKt.rememberPermissionRequester.<no name provided> origin=null
                  $triggerRequest$delegate: GET_FIELD 'FIELD FIELD_FOR_CAPTURED_VALUE name:$triggerRequest$delegate type:androidx.compose.runtime.MutableState<kotlin.Boolean> visibility:public/*package*/ [final] declared in com.champ96k.permissionkit.compose.RememberPermissionRequesterKt.rememberPermissionRequester.<no name provided>' type=androidx.compose.runtime.MutableState<kotlin.Boolean> origin=null
                    receiver: GET_VAR '<this>: com.champ96k.permissionkit.compose.RememberPermissionRequesterKt.rememberPermissionRequester.<no name provided> declared in com.champ96k.permissionkit.compose.RememberPermissionRequesterKt.rememberPermissionRequester.<no name provided>.create' type=com.champ96k.permissionkit.compose.RememberPermissionRequesterKt.rememberPermissionRequester.<no name provided> origin=null
                  $completion: GET_VAR '$completion: kotlin.coroutines.Continuation<kotlin.Nothing> declared in com.champ96k.permissionkit.compose.RememberPermissionRequesterKt.rememberPermissionRequester.<no name provided>.create' type=kotlin.coroutines.Continuation<kotlin.Nothing> origin=null
          FUN name:invoke visibility:public modality:FINAL <> ($this:com.champ96k.permissionkit.compose.RememberPermissionRequesterKt.rememberPermissionRequester.<no name provided>, p1:kotlinx.coroutines.CoroutineScope, p2:kotlin.coroutines.Continuation<kotlin.Unit>?) returnType:kotlin.Any?
            overridden:
              public abstract fun invoke (p1: P1 of kotlin.jvm.functions.Function2, p2: P2 of kotlin.jvm.functions.Function2): R of kotlin.jvm.functions.Function2 declared in kotlin.jvm.functions.Function2
            $this: VALUE_PARAMETER INSTANCE_RECEIVER name:<this> type:com.champ96k.permissionkit.compose.RememberPermissionRequesterKt.rememberPermissionRequester.<no name provided>
            VALUE_PARAMETER name:p1 index:0 type:kotlinx.coroutines.CoroutineScope
            VALUE_PARAMETER name:p2 index:1 type:kotlin.coroutines.Continuation<kotlin.Unit>?
            BLOCK_BODY
              RETURN type=kotlin.Nothing from='public final fun invoke (p1: kotlinx.coroutines.CoroutineScope, p2: kotlin.coroutines.Continuation<kotlin.Unit>?): kotlin.Any? declared in com.champ96k.permissionkit.compose.RememberPermissionRequesterKt.rememberPermissionRequester.<no name provided>'
                CALL 'public final fun invokeSuspend ($result: kotlin.Result<kotlin.Any?>): kotlin.Any? declared in com.champ96k.permissionkit.compose.RememberPermissionRequesterKt.rememberPermissionRequester.<no name provided>' type=kotlin.Any? origin=null
                  $this: TYPE_OP type=com.champ96k.permissionkit.compose.RememberPermissionRequesterKt.rememberPermissionRequester.<no name provided> origin=IMPLICIT_CAST typeOperand=com.champ96k.permissionkit.compose.RememberPermissionRequesterKt.rememberPermissionRequester.<no name provided>
                    CALL 'public final fun create (value: kotlin.Any?, $completion: kotlin.coroutines.Continuation<kotlin.Nothing>): kotlin.coroutines.Continuation<kotlin.Unit> declared in com.champ96k.permissionkit.compose.RememberPermissionRequesterKt.rememberPermissionRequester.<no name provided>' type=kotlin.coroutines.Continuation<kotlin.Unit> origin=null
                      $this: GET_VAR '<this>: com.champ96k.permissionkit.compose.RememberPermissionRequesterKt.rememberPermissionRequester.<no name provided> declared in com.champ96k.permissionkit.compose.RememberPermissionRequesterKt.rememberPermissionRequester.<no name provided>.invoke' type=com.champ96k.permissionkit.compose.RememberPermissionRequesterKt.rememberPermissionRequester.<no name provided> origin=null
                      value: GET_VAR 'p1: kotlinx.coroutines.CoroutineScope declared in com.champ96k.permissionkit.compose.RememberPermissionRequesterKt.rememberPermissionRequester.<no name provided>.invoke' type=kotlinx.coroutines.CoroutineScope origin=null
                      $completion: GET_VAR 'p2: kotlin.coroutines.Continuation<kotlin.Unit>? declared in com.champ96k.permissionkit.compose.RememberPermissionRequesterKt.rememberPermissionRequester.<no name provided>.invoke' type=kotlin.coroutines.Continuation<kotlin.Unit>? origin=null
                  $result: CALL 'public final fun <unsafe-coerce> <T, R> (v: T of kotlin.jvm.internal.<unsafe-coerce>): R of kotlin.jvm.internal.<unsafe-coerce> declared in kotlin.jvm.internal' type=kotlin.Result<kotlin.Any?> origin=null
                    <T>: kotlin.Any?
                    <R>: kotlin.Result<kotlin.Any?>
                    v: GET_FIELD 'FIELD FIELD_FOR_OBJECT_INSTANCE name:INSTANCE type:kotlin.Unit visibility:public [final,static] declared in kotlin.Unit' type=kotlin.Unit origin=null
          FIELD FIELD_FOR_CAPTURED_VALUE name:$launcher type:androidx.activity.compose.ManagedActivityResultLauncher<kotlin.Array<kotlin.String>, kotlin.collections.Map<kotlin.String, @[JvmSuppressWildcards(suppress = <null>)] kotlin.Boolean>> visibility:public/*package*/ [final]
          FIELD FIELD_FOR_CAPTURED_VALUE name:$permissions type:kotlin.Array<kotlin.String> visibility:public/*package*/ [final]
          FIELD FIELD_FOR_CAPTURED_VALUE name:$triggerRequest$delegate type:androidx.compose.runtime.MutableState<kotlin.Boolean> visibility:public/*package*/ [final]
          FUN BRIDGE name:invoke visibility:public modality:OPEN <> ($this:com.champ96k.permissionkit.compose.RememberPermissionRequesterKt.rememberPermissionRequester.<no name provided>, p1:kotlin.Any?, p2:kotlin.Any?) returnType:kotlin.Any?
            $this: VALUE_PARAMETER INSTANCE_RECEIVER name:<this> type:com.champ96k.permissionkit.compose.RememberPermissionRequesterKt.rememberPermissionRequester.<no name provided>
            VALUE_PARAMETER BRIDGE name:p1 index:0 type:kotlin.Any?
            VALUE_PARAMETER BRIDGE name:p2 index:1 type:kotlin.Any?
            EXPRESSION_BODY
              RETURN type=kotlin.Nothing from='public open fun invoke (p1: kotlin.Any?, p2: kotlin.Any?): kotlin.Any? declared in com.champ96k.permissionkit.compose.RememberPermissionRequesterKt.rememberPermissionRequester.<no name provided>'
                CALL 'public final fun invoke (p1: kotlinx.coroutines.CoroutineScope, p2: kotlin.coroutines.Continuation<kotlin.Unit>?): kotlin.Any? declared in com.champ96k.permissionkit.compose.RememberPermissionRequesterKt.rememberPermissionRequester.<no name provided>' type=kotlin.Any? origin=BRIDGE_DELEGATION
                  $this: GET_VAR '<this>: com.champ96k.permissionkit.compose.RememberPermissionRequesterKt.rememberPermissionRequester.<no name provided> declared in com.champ96k.permissionkit.compose.RememberPermissionRequesterKt.rememberPermissionRequester.<no name provided>.invoke' type=com.champ96k.permissionkit.compose.RememberPermissionRequesterKt.rememberPermissionRequester.<no name provided> origin=null
                  p1: TYPE_OP type=kotlinx.coroutines.CoroutineScope origin=IMPLICIT_CAST typeOperand=kotlinx.coroutines.CoroutineScope
                    GET_VAR 'p1: kotlin.Any? declared in com.champ96k.permissionkit.compose.RememberPermissionRequesterKt.rememberPermissionRequester.<no name provided>.invoke' type=kotlin.Any? origin=null
                  p2: TYPE_OP type=kotlin.coroutines.Continuation<*> origin=IMPLICIT_CAST typeOperand=kotlin.coroutines.Continuation<*>
                    GET_VAR 'p2: kotlin.Any? declared in com.champ96k.permissionkit.compose.RememberPermissionRequesterKt.rememberPermissionRequester.<no name provided>.invoke' type=kotlin.Any? origin=null
        CONSTRUCTOR_CALL 'public/*package*/ constructor <init> ($launcher: androidx.activity.compose.ManagedActivityResultLauncher<kotlin.Array<kotlin.String>, kotlin.collections.Map<kotlin.String, @[JvmSuppressWildcards(suppress = <null>)] kotlin.Boolean>>, $permissions: kotlin.Array<kotlin.String>, $triggerRequest$delegate: androidx.compose.runtime.MutableState<kotlin.Boolean>, $completion: kotlin.coroutines.Continuation<com.champ96k.permissionkit.compose.RememberPermissionRequesterKt.rememberPermissionRequester.<no name provided>>?) [primary] declared in com.champ96k.permissionkit.compose.RememberPermissionRequesterKt.rememberPermissionRequester.<no name provided>' type=com.champ96k.permissionkit.compose.RememberPermissionRequesterKt.rememberPermissionRequester.<no name provided> origin=null
          $launcher: GET_VAR 'val launcher: androidx.activity.compose.ManagedActivityResultLauncher<kotlin.Array<kotlin.String>, kotlin.collections.Map<kotlin.String, @[JvmSuppressWildcards(suppress = <null>)] kotlin.Boolean>> [val] declared in com.champ96k.permissionkit.compose.RememberPermissionRequesterKt.rememberPermissionRequester' type=androidx.activity.compose.ManagedActivityResultLauncher<kotlin.Array<kotlin.String>, kotlin.collections.Map<kotlin.String, @[JvmSuppressWildcards(suppress = <null>)] kotlin.Boolean>> origin=null
          $permissions: GET_VAR 'permissions: kotlin.Array<kotlin.String> declared in com.champ96k.permissionkit.compose.RememberPermissionRequesterKt.rememberPermissionRequester' type=kotlin.Array<kotlin.String> origin=null
          $triggerRequest$delegate: GET_VAR 'val triggerRequest$delegate: androidx.compose.runtime.MutableState<kotlin.Boolean> [val] declared in com.champ96k.permissionkit.compose.RememberPermissionRequesterKt.rememberPermissionRequester' type=androidx.compose.runtime.MutableState<kotlin.Boolean> origin=null
          $completion: CONST Null type=kotlin.Nothing? value=null
    RETURN type=kotlin.Nothing from='public final fun rememberPermissionRequester (permissions: kotlin.Array<kotlin.String>, onRationale: kotlin.Function2<kotlin.collections.List<kotlin.String>, @[ParameterName(name = "proceed")] kotlin.Function0<kotlin.Unit>, kotlin.Unit>?, onDenied: kotlin.Function1<com.champ96k.permissionkit.core.PermissionResult, kotlin.Unit>?, onResult: kotlin.Function1<com.champ96k.permissionkit.core.PermissionResult, kotlin.Unit>): kotlin.Function0<kotlin.Unit> declared in com.champ96k.permissionkit.compose.RememberPermissionRequesterKt'
      BLOCK type=kotlin.Function0<kotlin.Unit> origin=LAMBDA
        COMPOSITE type=kotlin.Unit origin=null
        CALL 'public final fun <jvm-indy> <T> (dynamicCall: T of kotlin.jvm.internal.<jvm-indy>, bootstrapMethodHandle: kotlin.Any, vararg bootstrapMethodArguments: kotlin.Any): T of kotlin.jvm.internal.<jvm-indy> declared in kotlin.jvm.internal' type=kotlin.Function0<kotlin.Unit> origin=null
          <T>: kotlin.Function0<kotlin.Unit>
          dynamicCall: CALL 'public final fun invoke (p0: androidx.compose.runtime.MutableState<kotlin.Boolean>): kotlin.Function0<kotlin.Unit> declared in kotlin.jvm.internal.invokeDynamic' type=kotlin.Function0<kotlin.Unit> origin=null
            p0: GET_VAR 'val triggerRequest$delegate: androidx.compose.runtime.MutableState<kotlin.Boolean> [val] declared in com.champ96k.permissionkit.compose.RememberPermissionRequesterKt.rememberPermissionRequester' type=androidx.compose.runtime.MutableState<kotlin.Boolean> origin=null
          bootstrapMethodHandle: CALL 'public final fun <jvm-method-handle> (tag: kotlin.Int, owner: kotlin.String, name: kotlin.String, descriptor: kotlin.String, isInterface: kotlin.Boolean): kotlin.Any declared in kotlin.jvm.internal' type=kotlin.Any origin=null
            tag: CONST Int type=kotlin.Int value=6
            owner: CONST String type=kotlin.String value="java/lang/invoke/LambdaMetafactory"
            name: CONST String type=kotlin.String value="metafactory"
            descriptor: CONST String type=kotlin.String value="(Ljava/lang/invoke/MethodHandles$Lookup;Ljava/lang/String;Ljava/lang/invoke/MethodType;Ljava/lang/invoke/MethodType;Ljava/lang/invoke/MethodHandle;Ljava/lang/invoke/MethodType;)Ljava/lang/invoke/CallSite;"
            isInterface: CONST Boolean type=kotlin.Boolean value=false
          bootstrapMethodArguments: VARARG type=kotlin.Array<kotlin.Any> varargElementType=kotlin.Any
            CALL 'public final fun <jvm-original-method-type> (method: kotlin.Any): kotlin.Any declared in kotlin.jvm.internal' type=kotlin.Any origin=null
              method: RAW_FUNCTION_REFERENCE 'public abstract fun invoke (): R of kotlin.Function0 [operator] declared in kotlin.Function0' type=kotlin.Any
            RAW_FUNCTION_REFERENCE 'private final fun rememberPermissionRequester$lambda$7 ($triggerRequest$delegate: androidx.compose.runtime.MutableState<kotlin.Boolean>): kotlin.Unit? declared in com.champ96k.permissionkit.compose.RememberPermissionRequesterKt' type=kotlin.Any
            CALL 'public final fun <jvm-original-method-type> (method: kotlin.Any): kotlin.Any declared in kotlin.jvm.internal' type=kotlin.Any origin=null
              method: RAW_FUNCTION_REFERENCE 'public abstract fun invoke (): kotlin.Unit? [fake_override,operator] declared in kotlin.jvm.internal.invokeDynamic.<fake>' type=kotlin.Any

	at org.jetbrains.kotlin.backend.jvm.codegen.FunctionCodegen.generate(FunctionCodegen.kt:47)
	at org.jetbrains.kotlin.backend.jvm.codegen.FunctionCodegen.generate$default(FunctionCodegen.kt:40)
	at org.jetbrains.kotlin.backend.jvm.codegen.ClassCodegen.generateMethodNode(ClassCodegen.kt:406)
	at org.jetbrains.kotlin.backend.jvm.codegen.ClassCodegen.generateMethod(ClassCodegen.kt:423)
	at org.jetbrains.kotlin.backend.jvm.codegen.ClassCodegen.generate(ClassCodegen.kt:168)
	at org.jetbrains.kotlin.backend.jvm.FileCodegen.lower(JvmPhases.kt:39)
	at org.jetbrains.kotlin.backend.common.phaser.PhaseFactoriesKt.createFilePhase$lambda$4(PhaseFactories.kt:71)
	at org.jetbrains.kotlin.backend.common.phaser.PhaseBuildersKt$createSimpleNamedCompilerPhase$1.phaseBody(PhaseBuilders.kt:69)
	at org.jetbrains.kotlin.backend.common.phaser.SimpleNamedCompilerPhase.phaseBody(CompilerPhase.kt:226)
	at org.jetbrains.kotlin.backend.common.phaser.AbstractNamedCompilerPhase.invoke(CompilerPhase.kt:113)
	at org.jetbrains.kotlin.backend.common.phaser.PerformByIrFilePhase.invokeSequential(performByIrFile.kt:62)
	... 43 more
Caused by: org.jetbrains.kotlin.codegen.CompilationException: Back-end (JVM) Internal error: Couldn't inline method call: CALL 'public final fun <get-current> (): T of androidx.compose.runtime.CompositionLocal [inline] declared in androidx.compose.runtime.CompositionLocal' type=android.content.Context origin=GET_PROPERTY
Method: null
File is unknown
The root cause java.lang.IllegalStateException was thrown at: org.jetbrains.kotlin.codegen.inline.SourceCompilerForInlineKt.getMethodNode(SourceCompilerForInline.kt:118)
	at org.jetbrains.kotlin.codegen.inline.InlineCodegen.performInline(InlineCodegen.kt:65)
	at org.jetbrains.kotlin.backend.jvm.codegen.IrInlineCodegen.genInlineCall(IrInlineCodegen.kt:163)
	at org.jetbrains.kotlin.backend.jvm.codegen.IrInlineCallGenerator.genCall(IrInlineCallGenerator.kt:36)
	at org.jetbrains.kotlin.backend.jvm.codegen.ExpressionCodegen.visitCall(ExpressionCodegen.kt:653)
	at org.jetbrains.kotlin.backend.jvm.codegen.ExpressionCodegen.visitCall(ExpressionCodegen.kt:138)
	at org.jetbrains.kotlin.ir.expressions.IrCall.accept(IrCall.kt:24)
	at org.jetbrains.kotlin.backend.jvm.codegen.ExpressionCodegen.visitVariable(ExpressionCodegen.kt:790)
	at org.jetbrains.kotlin.backend.jvm.codegen.ExpressionCodegen.visitVariable(ExpressionCodegen.kt:138)
	at org.jetbrains.kotlin.ir.declarations.IrVariable.accept(IrVariable.kt:36)
	at org.jetbrains.kotlin.backend.jvm.codegen.ExpressionCodegen.visitStatementContainer(ExpressionCodegen.kt:579)
	at org.jetbrains.kotlin.backend.jvm.codegen.ExpressionCodegen.visitBlockBody(ExpressionCodegen.kt:584)
	at org.jetbrains.kotlin.backend.jvm.codegen.ExpressionCodegen.visitBlockBody(ExpressionCodegen.kt:138)
	at org.jetbrains.kotlin.ir.expressions.IrBlockBody.accept(IrBlockBody.kt:20)
	at org.jetbrains.kotlin.backend.jvm.codegen.ExpressionCodegen.generate(ExpressionCodegen.kt:240)
	at org.jetbrains.kotlin.backend.jvm.codegen.FunctionCodegen.doGenerate(FunctionCodegen.kt:123)
	at org.jetbrains.kotlin.backend.jvm.codegen.FunctionCodegen.generate(FunctionCodegen.kt:44)
	... 53 more
Caused by: java.lang.IllegalStateException: couldn't find inline method Landroidx/compose/runtime/CompositionLocal;.getCurrent()Ljava/lang/Object;
	at org.jetbrains.kotlin.codegen.inline.SourceCompilerForInlineKt.getMethodNode(SourceCompilerForInline.kt:118)
	at org.jetbrains.kotlin.codegen.inline.SourceCompilerForInlineKt.loadCompiledInlineFunction(SourceCompilerForInline.kt:96)
	at org.jetbrains.kotlin.backend.jvm.codegen.IrSourceCompilerForInline.compileInlineFunction(IrSourceCompilerForInline.kt:91)
	at org.jetbrains.kotlin.codegen.inline.InlineCodegen.compileInline(InlineCodegen.kt:43)
	at org.jetbrains.kotlin.codegen.inline.InlineCodegen.performInline(InlineCodegen.kt:51)
	... 68 more


